{
  "0 debug pnpm:scope": {
    "selected": 1
  },
  "1 error pnpm": {
    "code": "ELIFECYCLE",
    "errno": "ENOENT",
    "syscall": "spawn",
    "file": "sh",
    "pkgid": "portfolio-site@0.1.0",
    "stage": "build",
    "script": "vue-tsc --noEmit && vite build",
    "pkgname": "portfolio-site",
    "err": {
      "name": "pnpm",
      "message": "portfolio-site@0.1.0 build: `vue-tsc --noEmit && vite build`\nspawn ENOENT",
      "code": "ELIFECYCLE",
      "stack": "pnpm: portfolio-site@0.1.0 build: `vue-tsc --noEmit && vite build`\nspawn ENOENT\n    at ChildProcess.<anonymous> (/home/lucas/.local/share/pnpm/global/5/.pnpm/pnpm@7.2.1/node_modules/pnpm/dist/pnpm.cjs:93917:22)\n    at ChildProcess.emit (node:events:527:28)\n    at maybeClose (node:internal/child_process:1090:16)\n    at ChildProcess._handle.onexit (node:internal/child_process:302:5)"
    }
  },
  "2 warn pnpm:global": " Local package.json exists, but node_modules missing, did you mean to install?"
}